# JRE version: OpenJDK Runtime Environment (Red_Hat-17.0.6.0.10-1.fc37) (17.0.6+10) (build 17.0.6+10)
# Java VM: OpenJDK 64-Bit Server VM (Red_Hat-17.0.6.0.10-1.fc37) (17.0.6+10, mixed mode, sharing, tiered, compressed oops, compressed class ptrs, g1 gc, linux-amd64)
GC Precious Log:
 CPUs: 4 total, 4 available
 Memory: 3769M
 Large Page Support: Disabled
 NUMA Support: Disabled
 Compressed Oops: Enabled (32-bit)
 Heap Region Size: 1M
 Heap Min Capacity: 8M
 Heap Initial Capacity: 60M
 Heap Max Capacity: 944M
 Pre-touch: Disabled
 Parallel Workers: 4
 Concurrent Workers: 1
 Concurrent Refinement Workers: 4
 Periodic GC: Disabled
Heap:
 garbage-first heap   total 104448K, used 54154K [0x00000000c5000000, 0x0000000100000000)
  region size 1024K, 33 young (33792K), 2 survivors (2048K)
 Metaspace       used 27928K, committed 28288K, reserved 1081344K
  class space    used 3023K, committed 3200K, reserved 1048576K
GC Heap History (16 events):
Event: 0,967 GC heap before
{Heap before GC invocations=0 (full 0):
 garbage-first heap   total 63488K, used 14308K [0x00000000c5000000, 0x0000000100000000)
  region size 1024K, 13 young (13312K), 0 survivors (0K)
 Metaspace       used 4193K, committed 4288K, reserved 1056768K
  class space    used 473K, committed 512K, reserved 1048576K
}
Event: 0,975 GC heap after
{Heap after GC invocations=1 (full 0):
 garbage-first heap   total 63488K, used 3576K [0x00000000c5000000, 0x0000000100000000)
  region size 1024K, 2 young (2048K), 2 survivors (2048K)
 Metaspace       used 4193K, committed 4288K, reserved 1056768K
  class space    used 473K, committed 512K, reserved 1048576K
}
Event: 1,688 GC heap before
{Heap before GC invocations=1 (full 0):
 garbage-first heap   total 63488K, used 20984K [0x00000000c5000000, 0x0000000100000000)
  region size 1024K, 19 young (19456K), 2 survivors (2048K)
 Metaspace       used 6202K, committed 6336K, reserved 1056768K
  class space    used 728K, committed 768K, reserved 1048576K
}
Event: 1,696 GC heap after
{Heap after GC invocations=2 (full 0):
 garbage-first heap   total 63488K, used 4360K [0x00000000c5000000, 0x0000000100000000)
  region size 1024K, 1 young (1024K), 1 survivors (1024K)
 Metaspace       used 6202K, committed 6336K, reserved 1056768K
  class space    used 728K, committed 768K, reserved 1048576K
}
Event: 3,587 GC heap before
{Heap before GC invocations=2 (full 0):
 garbage-first heap   total 63488K, used 40200K [0x00000000c5000000, 0x0000000100000000)
  region size 1024K, 36 young (36864K), 1 survivors (1024K)
 Metaspace       used 12413K, committed 12544K, reserved 1064960K
  class space    used 1481K, committed 1536K, reserved 1048576K
}
Event: 3,603 GC heap after
{Heap after GC invocations=3 (full 0):
 garbage-first heap   total 63488K, used 7702K [0x00000000c5000000, 0x0000000100000000)
  region size 1024K, 4 young (4096K), 4 survivors (4096K)
 Metaspace       used 12413K, committed 12544K, reserved 1064960K
  class space    used 1481K, committed 1536K, reserved 1048576K
}
Event: 4,539 GC heap before
{Heap before GC invocations=3 (full 0):
 garbage-first heap   total 63488K, used 40470K [0x00000000c5000000, 0x0000000100000000)
  region size 1024K, 36 young (36864K), 4 survivors (4096K)
 Metaspace       used 13527K, committed 13696K, reserved 1064960K
  class space    used 1584K, committed 1664K, reserved 1048576K
}
Event: 4,556 GC heap after
{Heap after GC invocations=4 (full 0):
 garbage-first heap   total 63488K, used 10273K [0x00000000c5000000, 0x0000000100000000)
  region size 1024K, 3 young (3072K), 3 survivors (3072K)
 Metaspace       used 13527K, committed 13696K, reserved 1064960K
  class space    used 1584K, committed 1664K, reserved 1048576K
}
Event: 6,008 GC heap before
{Heap before GC invocations=4 (full 0):
 garbage-first heap   total 63488K, used 42017K [0x00000000c5000000, 0x0000000100000000)
  region size 1024K, 35 young (35840K), 3 survivors (3072K)
 Metaspace       used 21333K, committed 21504K, reserved 1073152K
  class space    used 2482K, committed 2560K, reserved 1048576K
}
Event: 6,021 GC heap after
{Heap after GC invocations=5 (full 0):
 garbage-first heap   total 63488K, used 12993K [0x00000000c5000000, 0x0000000100000000)
  region size 1024K, 5 young (5120K), 5 survivors (5120K)
 Metaspace       used 21333K, committed 21504K, reserved 1073152K
  class space    used 2482K, committed 2560K, reserved 1048576K
}
Event: 6,960 GC heap before
{Heap before GC invocations=6 (full 0):
 garbage-first heap   total 51200K, used 38593K [0x00000000c5000000, 0x0000000100000000)
  region size 1024K, 30 young (30720K), 5 survivors (5120K)
 Metaspace       used 22872K, committed 23104K, reserved 1073152K
  class space    used 2647K, committed 2752K, reserved 1048576K
}
Event: 6,992 GC heap after
{Heap after GC invocations=7 (full 0):
 garbage-first heap   total 52224K, used 19498K [0x00000000c5000000, 0x0000000100000000)
  region size 1024K, 4 young (4096K), 4 survivors (4096K)
 Metaspace       used 22872K, committed 23104K, reserved 1073152K
  class space    used 2647K, committed 2752K, reserved 1048576K
}
Event: 7,010 GC heap before
{Heap before GC invocations=7 (full 0):
 garbage-first heap   total 52224K, used 20522K [0x00000000c5000000, 0x0000000100000000)
  region size 1024K, 5 young (5120K), 4 survivors (4096K)
 Metaspace       used 22878K, committed 23104K, reserved 1073152K
  class space    used 2648K, committed 2752K, reserved 1048576K
}
Event: 7,023 GC heap after
{Heap after GC invocations=8 (full 0):
 garbage-first heap   total 52224K, used 20165K [0x00000000c5000000, 0x0000000100000000)
  region size 1024K, 1 young (1024K), 1 survivors (1024K)
 Metaspace       used 22878K, committed 23104K, reserved 1073152K
  class space    used 2648K, committed 2752K, reserved 1048576K
}
Event: 7,271 GC heap before
{Heap before GC invocations=8 (full 0):
 garbage-first heap   total 52224K, used 36549K [0x00000000c5000000, 0x0000000100000000)
  region size 1024K, 16 young (16384K), 1 survivors (1024K)
 Metaspace       used 22975K, committed 23232K, reserved 1073152K
  class space    used 2650K, committed 2752K, reserved 1048576K
}
Event: 7,284 GC heap after
{Heap after GC invocations=9 (full 0):
 garbage-first heap   total 104448K, used 23434K [0x00000000c5000000, 0x0000000100000000)
  region size 1024K, 2 young (2048K), 2 survivors (2048K)
 Metaspace       used 22975K, committed 23232K, reserved 1073152K
  class space    used 2650K, committed 2752K, reserved 1048576K
}

